0 info it worked if it ends with ok
1 verbose cli [ '/usr/bin/nodejs', '/usr/bin/npm', 'run', 'test' ]
2 info using npm@3.5.2
3 info using node@v4.7.2
4 verbose run-script [ 'pretest', 'test', 'posttest' ]
5 info lifecycle vega-contracts@0.0.1~pretest: vega-contracts@0.0.1
6 silly lifecycle vega-contracts@0.0.1~pretest: no script for pretest, continuing
7 info lifecycle vega-contracts@0.0.1~test: vega-contracts@0.0.1
8 verbose lifecycle vega-contracts@0.0.1~test: unsafe-perm in lifecycle true
9 verbose lifecycle vega-contracts@0.0.1~test: PATH: /usr/share/npm/bin/node-gyp-bin:/home/george/vega-contracts/node_modules/.bin:/usr/local/sbin:/usr/local/bin:/usr/sbin:/usr/bin:/sbin:/bin:/usr/games:/usr/local/games:/snap/bin
10 verbose lifecycle vega-contracts@0.0.1~test: CWD: /home/george/vega-contracts
11 silly lifecycle vega-contracts@0.0.1~test: Args: [ '-c', 'truffle test' ]
12 silly lifecycle vega-contracts@0.0.1~test: Returned: code: 2  signal: null
13 info lifecycle vega-contracts@0.0.1~test: Failed to exec test script
14 verbose stack Error: vega-contracts@0.0.1 test: `truffle test`
14 verbose stack Exit status 2
14 verbose stack     at EventEmitter.<anonymous> (/usr/share/npm/lib/utils/lifecycle.js:232:16)
14 verbose stack     at emitTwo (events.js:87:13)
14 verbose stack     at EventEmitter.emit (events.js:172:7)
14 verbose stack     at ChildProcess.<anonymous> (/usr/share/npm/lib/utils/spawn.js:24:14)
14 verbose stack     at emitTwo (events.js:87:13)
14 verbose stack     at ChildProcess.emit (events.js:172:7)
14 verbose stack     at maybeClose (internal/child_process.js:854:16)
14 verbose stack     at Process.ChildProcess._handle.onexit (internal/child_process.js:222:5)
15 verbose pkgid vega-contracts@0.0.1
16 verbose cwd /home/george/vega-contracts/contracts/proposals/structural
17 error Linux 4.10.0-37-generic
18 error argv "/usr/bin/nodejs" "/usr/bin/npm" "run" "test"
19 error node v4.7.2
20 error npm  v3.5.2
21 error code ELIFECYCLE
22 error vega-contracts@0.0.1 test: `truffle test`
22 error Exit status 2
23 error Failed at the vega-contracts@0.0.1 test script 'truffle test'.
23 error Make sure you have the latest version of node.js and npm installed.
23 error If you do, this is most likely a problem with the vega-contracts package,
23 error not with npm itself.
23 error Tell the author that this fails on your system:
23 error     truffle test
23 error You can get information on how to open an issue for this project with:
23 error     npm bugs vega-contracts
23 error Or if that isn't available, you can get their info via:
23 error     npm owner ls vega-contracts
23 error There is likely additional logging output above.
24 verbose exit [ 1, true ]
